nohup: ignoring input
Namespace(batch_size=64, dropout=0.5, epochs=10000, freeze=False, gpu='2', learning_rate=0.001, max_sent_len=None, max_sent_len_ratio=0.99971, model_name='/data0/nfs_data/zhaoxi9/pretrained_language_model/huggingface_pretrained_models/hfl_chinese-roberta-wwm-ext-large', patience=5, seed=2022)
device=cuda:0
loading data...
train size=48024
dev size=5336
test size=10000
labels_index_dict={'news_game': 0, 'news_entertainment': 1, 'news_military': 2, 'news_culture': 3, 'news_travel': 4, 'news_agriculture': 5, 'news_stock': 6, 'news_house': 7, 'news_car': 8, 'news_edu': 9, 'news_tech': 10, 'news_sports': 11, 'news_story': 12, 'news_world': 13, 'news_finance': 14}
index_labels_dict={0: 'news_game', 1: 'news_entertainment', 2: 'news_military', 3: 'news_culture', 4: 'news_travel', 5: 'news_agriculture', 6: 'news_stock', 7: 'news_house', 8: 'news_car', 9: 'news_edu', 10: 'news_tech', 11: 'news_sports', 12: 'news_story', 13: 'news_world', 14: 'news_finance'}
max_sent_len=147
147	1
60	1
56	1
55	2
54	1
53	1
52	6
51	3
50	9
49	7
48	9
47	11
46	67
45	11
44	28
43	42
42	102
41	97
40	133
39	124
38	125
37	176
36	174
35	232
34	320
33	610
32	3435
31	2667
30	2381
29	2218
28	2257
27	2157
26	2234
25	2196
24	2305
23	2329
22	2202
21	2220
20	2013
19	2272
18	1887
17	1977
16	1768
15	1598
14	1485
13	1197
12	963
11	792
10	546
9	331
8	146
7	129
6	21
5	1
4	4
max_sent_len=50
max_sent_len=50
Some weights of the model checkpoint at /data0/nfs_data/zhaoxi9/pretrained_language_model/huggingface_pretrained_models/hfl_chinese-roberta-wwm-ext-large were not used when initializing BertModel: ['cls.predictions.transform.dense.bias', 'cls.predictions.bias', 'cls.predictions.transform.LayerNorm.bias', 'cls.predictions.transform.dense.weight', 'cls.seq_relationship.weight', 'cls.predictions.transform.LayerNorm.weight', 'cls.seq_relationship.bias', 'cls.predictions.decoder.weight']
- This IS expected if you are initializing BertModel from the checkpoint of a model trained on another task or with another architecture (e.g. initializing a BertForSequenceClassification model from a BertForPreTraining model).
- This IS NOT expected if you are initializing BertModel from the checkpoint of a model that you expect to be exactly identical (initializing a BertForSequenceClassification model from a BertForSequenceClassification model).
CustomModel(
  (pretrained_model): BertModel(
    (embeddings): BertEmbeddings(
      (word_embeddings): Embedding(21128, 1024, padding_idx=0)
      (position_embeddings): Embedding(512, 1024)
      (token_type_embeddings): Embedding(2, 1024)
      (LayerNorm): LayerNorm((1024,), eps=1e-12, elementwise_affine=True)
      (dropout): Dropout(p=0.1, inplace=False)
    )
    (encoder): BertEncoder(
      (layer): ModuleList(
        (0): BertLayer(
          (attention): BertAttention(
            (self): BertSelfAttention(
              (query): Linear(in_features=1024, out_features=1024, bias=True)
              (key): Linear(in_features=1024, out_features=1024, bias=True)
              (value): Linear(in_features=1024, out_features=1024, bias=True)
              (dropout): Dropout(p=0.1, inplace=False)
            )
            (output): BertSelfOutput(
              (dense): Linear(in_features=1024, out_features=1024, bias=True)
              (LayerNorm): LayerNorm((1024,), eps=1e-12, elementwise_affine=True)
              (dropout): Dropout(p=0.1, inplace=False)
            )
          )
          (intermediate): BertIntermediate(
            (dense): Linear(in_features=1024, out_features=4096, bias=True)
            (intermediate_act_fn): GELUActivation()
          )
          (output): BertOutput(
            (dense): Linear(in_features=4096, out_features=1024, bias=True)
            (LayerNorm): LayerNorm((1024,), eps=1e-12, elementwise_affine=True)
            (dropout): Dropout(p=0.1, inplace=False)
          )
        )
        (1): BertLayer(
          (attention): BertAttention(
            (self): BertSelfAttention(
              (query): Linear(in_features=1024, out_features=1024, bias=True)
              (key): Linear(in_features=1024, out_features=1024, bias=True)
              (value): Linear(in_features=1024, out_features=1024, bias=True)
              (dropout): Dropout(p=0.1, inplace=False)
            )
            (output): BertSelfOutput(
              (dense): Linear(in_features=1024, out_features=1024, bias=True)
              (LayerNorm): LayerNorm((1024,), eps=1e-12, elementwise_affine=True)
              (dropout): Dropout(p=0.1, inplace=False)
            )
          )
          (intermediate): BertIntermediate(
            (dense): Linear(in_features=1024, out_features=4096, bias=True)
            (intermediate_act_fn): GELUActivation()
          )
          (output): BertOutput(
            (dense): Linear(in_features=4096, out_features=1024, bias=True)
            (LayerNorm): LayerNorm((1024,), eps=1e-12, elementwise_affine=True)
            (dropout): Dropout(p=0.1, inplace=False)
          )
        )
        (2): BertLayer(
          (attention): BertAttention(
            (self): BertSelfAttention(
              (query): Linear(in_features=1024, out_features=1024, bias=True)
              (key): Linear(in_features=1024, out_features=1024, bias=True)
              (value): Linear(in_features=1024, out_features=1024, bias=True)
              (dropout): Dropout(p=0.1, inplace=False)
            )
            (output): BertSelfOutput(
              (dense): Linear(in_features=1024, out_features=1024, bias=True)
              (LayerNorm): LayerNorm((1024,), eps=1e-12, elementwise_affine=True)
              (dropout): Dropout(p=0.1, inplace=False)
            )
          )
          (intermediate): BertIntermediate(
            (dense): Linear(in_features=1024, out_features=4096, bias=True)
            (intermediate_act_fn): GELUActivation()
          )
          (output): BertOutput(
            (dense): Linear(in_features=4096, out_features=1024, bias=True)
            (LayerNorm): LayerNorm((1024,), eps=1e-12, elementwise_affine=True)
            (dropout): Dropout(p=0.1, inplace=False)
          )
        )
        (3): BertLayer(
          (attention): BertAttention(
            (self): BertSelfAttention(
              (query): Linear(in_features=1024, out_features=1024, bias=True)
              (key): Linear(in_features=1024, out_features=1024, bias=True)
              (value): Linear(in_features=1024, out_features=1024, bias=True)
              (dropout): Dropout(p=0.1, inplace=False)
            )
            (output): BertSelfOutput(
              (dense): Linear(in_features=1024, out_features=1024, bias=True)
              (LayerNorm): LayerNorm((1024,), eps=1e-12, elementwise_affine=True)
              (dropout): Dropout(p=0.1, inplace=False)
            )
          )
          (intermediate): BertIntermediate(
            (dense): Linear(in_features=1024, out_features=4096, bias=True)
            (intermediate_act_fn): GELUActivation()
          )
          (output): BertOutput(
            (dense): Linear(in_features=4096, out_features=1024, bias=True)
            (LayerNorm): LayerNorm((1024,), eps=1e-12, elementwise_affine=True)
            (dropout): Dropout(p=0.1, inplace=False)
          )
        )
        (4): BertLayer(
          (attention): BertAttention(
            (self): BertSelfAttention(
              (query): Linear(in_features=1024, out_features=1024, bias=True)
              (key): Linear(in_features=1024, out_features=1024, bias=True)
              (value): Linear(in_features=1024, out_features=1024, bias=True)
              (dropout): Dropout(p=0.1, inplace=False)
            )
            (output): BertSelfOutput(
              (dense): Linear(in_features=1024, out_features=1024, bias=True)
              (LayerNorm): LayerNorm((1024,), eps=1e-12, elementwise_affine=True)
              (dropout): Dropout(p=0.1, inplace=False)
            )
          )
          (intermediate): BertIntermediate(
            (dense): Linear(in_features=1024, out_features=4096, bias=True)
            (intermediate_act_fn): GELUActivation()
          )
          (output): BertOutput(
            (dense): Linear(in_features=4096, out_features=1024, bias=True)
            (LayerNorm): LayerNorm((1024,), eps=1e-12, elementwise_affine=True)
            (dropout): Dropout(p=0.1, inplace=False)
          )
        )
        (5): BertLayer(
          (attention): BertAttention(
            (self): BertSelfAttention(
              (query): Linear(in_features=1024, out_features=1024, bias=True)
              (key): Linear(in_features=1024, out_features=1024, bias=True)
              (value): Linear(in_features=1024, out_features=1024, bias=True)
              (dropout): Dropout(p=0.1, inplace=False)
            )
            (output): BertSelfOutput(
              (dense): Linear(in_features=1024, out_features=1024, bias=True)
              (LayerNorm): LayerNorm((1024,), eps=1e-12, elementwise_affine=True)
              (dropout): Dropout(p=0.1, inplace=False)
            )
          )
          (intermediate): BertIntermediate(
            (dense): Linear(in_features=1024, out_features=4096, bias=True)
            (intermediate_act_fn): GELUActivation()
          )
          (output): BertOutput(
            (dense): Linear(in_features=4096, out_features=1024, bias=True)
            (LayerNorm): LayerNorm((1024,), eps=1e-12, elementwise_affine=True)
            (dropout): Dropout(p=0.1, inplace=False)
          )
        )
        (6): BertLayer(
          (attention): BertAttention(
            (self): BertSelfAttention(
              (query): Linear(in_features=1024, out_features=1024, bias=True)
              (key): Linear(in_features=1024, out_features=1024, bias=True)
              (value): Linear(in_features=1024, out_features=1024, bias=True)
              (dropout): Dropout(p=0.1, inplace=False)
            )
            (output): BertSelfOutput(
              (dense): Linear(in_features=1024, out_features=1024, bias=True)
              (LayerNorm): LayerNorm((1024,), eps=1e-12, elementwise_affine=True)
              (dropout): Dropout(p=0.1, inplace=False)
            )
          )
          (intermediate): BertIntermediate(
            (dense): Linear(in_features=1024, out_features=4096, bias=True)
            (intermediate_act_fn): GELUActivation()
          )
          (output): BertOutput(
            (dense): Linear(in_features=4096, out_features=1024, bias=True)
            (LayerNorm): LayerNorm((1024,), eps=1e-12, elementwise_affine=True)
            (dropout): Dropout(p=0.1, inplace=False)
          )
        )
        (7): BertLayer(
          (attention): BertAttention(
            (self): BertSelfAttention(
              (query): Linear(in_features=1024, out_features=1024, bias=True)
              (key): Linear(in_features=1024, out_features=1024, bias=True)
              (value): Linear(in_features=1024, out_features=1024, bias=True)
              (dropout): Dropout(p=0.1, inplace=False)
            )
            (output): BertSelfOutput(
              (dense): Linear(in_features=1024, out_features=1024, bias=True)
              (LayerNorm): LayerNorm((1024,), eps=1e-12, elementwise_affine=True)
              (dropout): Dropout(p=0.1, inplace=False)
            )
          )
          (intermediate): BertIntermediate(
            (dense): Linear(in_features=1024, out_features=4096, bias=True)
            (intermediate_act_fn): GELUActivation()
          )
          (output): BertOutput(
            (dense): Linear(in_features=4096, out_features=1024, bias=True)
            (LayerNorm): LayerNorm((1024,), eps=1e-12, elementwise_affine=True)
            (dropout): Dropout(p=0.1, inplace=False)
          )
        )
        (8): BertLayer(
          (attention): BertAttention(
            (self): BertSelfAttention(
              (query): Linear(in_features=1024, out_features=1024, bias=True)
              (key): Linear(in_features=1024, out_features=1024, bias=True)
              (value): Linear(in_features=1024, out_features=1024, bias=True)
              (dropout): Dropout(p=0.1, inplace=False)
            )
            (output): BertSelfOutput(
              (dense): Linear(in_features=1024, out_features=1024, bias=True)
              (LayerNorm): LayerNorm((1024,), eps=1e-12, elementwise_affine=True)
              (dropout): Dropout(p=0.1, inplace=False)
            )
          )
          (intermediate): BertIntermediate(
            (dense): Linear(in_features=1024, out_features=4096, bias=True)
            (intermediate_act_fn): GELUActivation()
          )
          (output): BertOutput(
            (dense): Linear(in_features=4096, out_features=1024, bias=True)
            (LayerNorm): LayerNorm((1024,), eps=1e-12, elementwise_affine=True)
            (dropout): Dropout(p=0.1, inplace=False)
          )
        )
        (9): BertLayer(
          (attention): BertAttention(
            (self): BertSelfAttention(
              (query): Linear(in_features=1024, out_features=1024, bias=True)
              (key): Linear(in_features=1024, out_features=1024, bias=True)
              (value): Linear(in_features=1024, out_features=1024, bias=True)
              (dropout): Dropout(p=0.1, inplace=False)
            )
            (output): BertSelfOutput(
              (dense): Linear(in_features=1024, out_features=1024, bias=True)
              (LayerNorm): LayerNorm((1024,), eps=1e-12, elementwise_affine=True)
              (dropout): Dropout(p=0.1, inplace=False)
            )
          )
          (intermediate): BertIntermediate(
            (dense): Linear(in_features=1024, out_features=4096, bias=True)
            (intermediate_act_fn): GELUActivation()
          )
          (output): BertOutput(
            (dense): Linear(in_features=4096, out_features=1024, bias=True)
            (LayerNorm): LayerNorm((1024,), eps=1e-12, elementwise_affine=True)
            (dropout): Dropout(p=0.1, inplace=False)
          )
        )
        (10): BertLayer(
          (attention): BertAttention(
            (self): BertSelfAttention(
              (query): Linear(in_features=1024, out_features=1024, bias=True)
              (key): Linear(in_features=1024, out_features=1024, bias=True)
              (value): Linear(in_features=1024, out_features=1024, bias=True)
              (dropout): Dropout(p=0.1, inplace=False)
            )
            (output): BertSelfOutput(
              (dense): Linear(in_features=1024, out_features=1024, bias=True)
              (LayerNorm): LayerNorm((1024,), eps=1e-12, elementwise_affine=True)
              (dropout): Dropout(p=0.1, inplace=False)
            )
          )
          (intermediate): BertIntermediate(
            (dense): Linear(in_features=1024, out_features=4096, bias=True)
            (intermediate_act_fn): GELUActivation()
          )
          (output): BertOutput(
            (dense): Linear(in_features=4096, out_features=1024, bias=True)
            (LayerNorm): LayerNorm((1024,), eps=1e-12, elementwise_affine=True)
            (dropout): Dropout(p=0.1, inplace=False)
          )
        )
        (11): BertLayer(
          (attention): BertAttention(
            (self): BertSelfAttention(
              (query): Linear(in_features=1024, out_features=1024, bias=True)
              (key): Linear(in_features=1024, out_features=1024, bias=True)
              (value): Linear(in_features=1024, out_features=1024, bias=True)
              (dropout): Dropout(p=0.1, inplace=False)
            )
            (output): BertSelfOutput(
              (dense): Linear(in_features=1024, out_features=1024, bias=True)
              (LayerNorm): LayerNorm((1024,), eps=1e-12, elementwise_affine=True)
              (dropout): Dropout(p=0.1, inplace=False)
            )
          )
          (intermediate): BertIntermediate(
            (dense): Linear(in_features=1024, out_features=4096, bias=True)
            (intermediate_act_fn): GELUActivation()
          )
          (output): BertOutput(
            (dense): Linear(in_features=4096, out_features=1024, bias=True)
            (LayerNorm): LayerNorm((1024,), eps=1e-12, elementwise_affine=True)
            (dropout): Dropout(p=0.1, inplace=False)
          )
        )
        (12): BertLayer(
          (attention): BertAttention(
            (self): BertSelfAttention(
              (query): Linear(in_features=1024, out_features=1024, bias=True)
              (key): Linear(in_features=1024, out_features=1024, bias=True)
              (value): Linear(in_features=1024, out_features=1024, bias=True)
              (dropout): Dropout(p=0.1, inplace=False)
            )
            (output): BertSelfOutput(
              (dense): Linear(in_features=1024, out_features=1024, bias=True)
              (LayerNorm): LayerNorm((1024,), eps=1e-12, elementwise_affine=True)
              (dropout): Dropout(p=0.1, inplace=False)
            )
          )
          (intermediate): BertIntermediate(
            (dense): Linear(in_features=1024, out_features=4096, bias=True)
            (intermediate_act_fn): GELUActivation()
          )
          (output): BertOutput(
            (dense): Linear(in_features=4096, out_features=1024, bias=True)
            (LayerNorm): LayerNorm((1024,), eps=1e-12, elementwise_affine=True)
            (dropout): Dropout(p=0.1, inplace=False)
          )
        )
        (13): BertLayer(
          (attention): BertAttention(
            (self): BertSelfAttention(
              (query): Linear(in_features=1024, out_features=1024, bias=True)
              (key): Linear(in_features=1024, out_features=1024, bias=True)
              (value): Linear(in_features=1024, out_features=1024, bias=True)
              (dropout): Dropout(p=0.1, inplace=False)
            )
            (output): BertSelfOutput(
              (dense): Linear(in_features=1024, out_features=1024, bias=True)
              (LayerNorm): LayerNorm((1024,), eps=1e-12, elementwise_affine=True)
              (dropout): Dropout(p=0.1, inplace=False)
            )
          )
          (intermediate): BertIntermediate(
            (dense): Linear(in_features=1024, out_features=4096, bias=True)
            (intermediate_act_fn): GELUActivation()
          )
          (output): BertOutput(
            (dense): Linear(in_features=4096, out_features=1024, bias=True)
            (LayerNorm): LayerNorm((1024,), eps=1e-12, elementwise_affine=True)
            (dropout): Dropout(p=0.1, inplace=False)
          )
        )
        (14): BertLayer(
          (attention): BertAttention(
            (self): BertSelfAttention(
              (query): Linear(in_features=1024, out_features=1024, bias=True)
              (key): Linear(in_features=1024, out_features=1024, bias=True)
              (value): Linear(in_features=1024, out_features=1024, bias=True)
              (dropout): Dropout(p=0.1, inplace=False)
            )
            (output): BertSelfOutput(
              (dense): Linear(in_features=1024, out_features=1024, bias=True)
              (LayerNorm): LayerNorm((1024,), eps=1e-12, elementwise_affine=True)
              (dropout): Dropout(p=0.1, inplace=False)
            )
          )
          (intermediate): BertIntermediate(
            (dense): Linear(in_features=1024, out_features=4096, bias=True)
            (intermediate_act_fn): GELUActivation()
          )
          (output): BertOutput(
            (dense): Linear(in_features=4096, out_features=1024, bias=True)
            (LayerNorm): LayerNorm((1024,), eps=1e-12, elementwise_affine=True)
            (dropout): Dropout(p=0.1, inplace=False)
          )
        )
        (15): BertLayer(
          (attention): BertAttention(
            (self): BertSelfAttention(
              (query): Linear(in_features=1024, out_features=1024, bias=True)
              (key): Linear(in_features=1024, out_features=1024, bias=True)
              (value): Linear(in_features=1024, out_features=1024, bias=True)
              (dropout): Dropout(p=0.1, inplace=False)
            )
            (output): BertSelfOutput(
              (dense): Linear(in_features=1024, out_features=1024, bias=True)
              (LayerNorm): LayerNorm((1024,), eps=1e-12, elementwise_affine=True)
              (dropout): Dropout(p=0.1, inplace=False)
            )
          )
          (intermediate): BertIntermediate(
            (dense): Linear(in_features=1024, out_features=4096, bias=True)
            (intermediate_act_fn): GELUActivation()
          )
          (output): BertOutput(
            (dense): Linear(in_features=4096, out_features=1024, bias=True)
            (LayerNorm): LayerNorm((1024,), eps=1e-12, elementwise_affine=True)
            (dropout): Dropout(p=0.1, inplace=False)
          )
        )
        (16): BertLayer(
          (attention): BertAttention(
            (self): BertSelfAttention(
              (query): Linear(in_features=1024, out_features=1024, bias=True)
              (key): Linear(in_features=1024, out_features=1024, bias=True)
              (value): Linear(in_features=1024, out_features=1024, bias=True)
              (dropout): Dropout(p=0.1, inplace=False)
            )
            (output): BertSelfOutput(
              (dense): Linear(in_features=1024, out_features=1024, bias=True)
              (LayerNorm): LayerNorm((1024,), eps=1e-12, elementwise_affine=True)
              (dropout): Dropout(p=0.1, inplace=False)
            )
          )
          (intermediate): BertIntermediate(
            (dense): Linear(in_features=1024, out_features=4096, bias=True)
            (intermediate_act_fn): GELUActivation()
          )
          (output): BertOutput(
            (dense): Linear(in_features=4096, out_features=1024, bias=True)
            (LayerNorm): LayerNorm((1024,), eps=1e-12, elementwise_affine=True)
            (dropout): Dropout(p=0.1, inplace=False)
          )
        )
        (17): BertLayer(
          (attention): BertAttention(
            (self): BertSelfAttention(
              (query): Linear(in_features=1024, out_features=1024, bias=True)
              (key): Linear(in_features=1024, out_features=1024, bias=True)
              (value): Linear(in_features=1024, out_features=1024, bias=True)
              (dropout): Dropout(p=0.1, inplace=False)
            )
            (output): BertSelfOutput(
              (dense): Linear(in_features=1024, out_features=1024, bias=True)
              (LayerNorm): LayerNorm((1024,), eps=1e-12, elementwise_affine=True)
              (dropout): Dropout(p=0.1, inplace=False)
            )
          )
          (intermediate): BertIntermediate(
            (dense): Linear(in_features=1024, out_features=4096, bias=True)
            (intermediate_act_fn): GELUActivation()
          )
          (output): BertOutput(
            (dense): Linear(in_features=4096, out_features=1024, bias=True)
            (LayerNorm): LayerNorm((1024,), eps=1e-12, elementwise_affine=True)
            (dropout): Dropout(p=0.1, inplace=False)
          )
        )
        (18): BertLayer(
          (attention): BertAttention(
            (self): BertSelfAttention(
              (query): Linear(in_features=1024, out_features=1024, bias=True)
              (key): Linear(in_features=1024, out_features=1024, bias=True)
              (value): Linear(in_features=1024, out_features=1024, bias=True)
              (dropout): Dropout(p=0.1, inplace=False)
            )
            (output): BertSelfOutput(
              (dense): Linear(in_features=1024, out_features=1024, bias=True)
              (LayerNorm): LayerNorm((1024,), eps=1e-12, elementwise_affine=True)
              (dropout): Dropout(p=0.1, inplace=False)
            )
          )
          (intermediate): BertIntermediate(
            (dense): Linear(in_features=1024, out_features=4096, bias=True)
            (intermediate_act_fn): GELUActivation()
          )
          (output): BertOutput(
            (dense): Linear(in_features=4096, out_features=1024, bias=True)
            (LayerNorm): LayerNorm((1024,), eps=1e-12, elementwise_affine=True)
            (dropout): Dropout(p=0.1, inplace=False)
          )
        )
        (19): BertLayer(
          (attention): BertAttention(
            (self): BertSelfAttention(
              (query): Linear(in_features=1024, out_features=1024, bias=True)
              (key): Linear(in_features=1024, out_features=1024, bias=True)
              (value): Linear(in_features=1024, out_features=1024, bias=True)
              (dropout): Dropout(p=0.1, inplace=False)
            )
            (output): BertSelfOutput(
              (dense): Linear(in_features=1024, out_features=1024, bias=True)
              (LayerNorm): LayerNorm((1024,), eps=1e-12, elementwise_affine=True)
              (dropout): Dropout(p=0.1, inplace=False)
            )
          )
          (intermediate): BertIntermediate(
            (dense): Linear(in_features=1024, out_features=4096, bias=True)
            (intermediate_act_fn): GELUActivation()
          )
          (output): BertOutput(
            (dense): Linear(in_features=4096, out_features=1024, bias=True)
            (LayerNorm): LayerNorm((1024,), eps=1e-12, elementwise_affine=True)
            (dropout): Dropout(p=0.1, inplace=False)
          )
        )
        (20): BertLayer(
          (attention): BertAttention(
            (self): BertSelfAttention(
              (query): Linear(in_features=1024, out_features=1024, bias=True)
              (key): Linear(in_features=1024, out_features=1024, bias=True)
              (value): Linear(in_features=1024, out_features=1024, bias=True)
              (dropout): Dropout(p=0.1, inplace=False)
            )
            (output): BertSelfOutput(
              (dense): Linear(in_features=1024, out_features=1024, bias=True)
              (LayerNorm): LayerNorm((1024,), eps=1e-12, elementwise_affine=True)
              (dropout): Dropout(p=0.1, inplace=False)
            )
          )
          (intermediate): BertIntermediate(
            (dense): Linear(in_features=1024, out_features=4096, bias=True)
            (intermediate_act_fn): GELUActivation()
          )
          (output): BertOutput(
            (dense): Linear(in_features=4096, out_features=1024, bias=True)
            (LayerNorm): LayerNorm((1024,), eps=1e-12, elementwise_affine=True)
            (dropout): Dropout(p=0.1, inplace=False)
          )
        )
        (21): BertLayer(
          (attention): BertAttention(
            (self): BertSelfAttention(
              (query): Linear(in_features=1024, out_features=1024, bias=True)
              (key): Linear(in_features=1024, out_features=1024, bias=True)
              (value): Linear(in_features=1024, out_features=1024, bias=True)
              (dropout): Dropout(p=0.1, inplace=False)
            )
            (output): BertSelfOutput(
              (dense): Linear(in_features=1024, out_features=1024, bias=True)
              (LayerNorm): LayerNorm((1024,), eps=1e-12, elementwise_affine=True)
              (dropout): Dropout(p=0.1, inplace=False)
            )
          )
          (intermediate): BertIntermediate(
            (dense): Linear(in_features=1024, out_features=4096, bias=True)
            (intermediate_act_fn): GELUActivation()
          )
          (output): BertOutput(
            (dense): Linear(in_features=4096, out_features=1024, bias=True)
            (LayerNorm): LayerNorm((1024,), eps=1e-12, elementwise_affine=True)
            (dropout): Dropout(p=0.1, inplace=False)
          )
        )
        (22): BertLayer(
          (attention): BertAttention(
            (self): BertSelfAttention(
              (query): Linear(in_features=1024, out_features=1024, bias=True)
              (key): Linear(in_features=1024, out_features=1024, bias=True)
              (value): Linear(in_features=1024, out_features=1024, bias=True)
              (dropout): Dropout(p=0.1, inplace=False)
            )
            (output): BertSelfOutput(
              (dense): Linear(in_features=1024, out_features=1024, bias=True)
              (LayerNorm): LayerNorm((1024,), eps=1e-12, elementwise_affine=True)
              (dropout): Dropout(p=0.1, inplace=False)
            )
          )
          (intermediate): BertIntermediate(
            (dense): Linear(in_features=1024, out_features=4096, bias=True)
            (intermediate_act_fn): GELUActivation()
          )
          (output): BertOutput(
            (dense): Linear(in_features=4096, out_features=1024, bias=True)
            (LayerNorm): LayerNorm((1024,), eps=1e-12, elementwise_affine=True)
            (dropout): Dropout(p=0.1, inplace=False)
          )
        )
        (23): BertLayer(
          (attention): BertAttention(
            (self): BertSelfAttention(
              (query): Linear(in_features=1024, out_features=1024, bias=True)
              (key): Linear(in_features=1024, out_features=1024, bias=True)
              (value): Linear(in_features=1024, out_features=1024, bias=True)
              (dropout): Dropout(p=0.1, inplace=False)
            )
            (output): BertSelfOutput(
              (dense): Linear(in_features=1024, out_features=1024, bias=True)
              (LayerNorm): LayerNorm((1024,), eps=1e-12, elementwise_affine=True)
              (dropout): Dropout(p=0.1, inplace=False)
            )
          )
          (intermediate): BertIntermediate(
            (dense): Linear(in_features=1024, out_features=4096, bias=True)
            (intermediate_act_fn): GELUActivation()
          )
          (output): BertOutput(
            (dense): Linear(in_features=4096, out_features=1024, bias=True)
            (LayerNorm): LayerNorm((1024,), eps=1e-12, elementwise_affine=True)
            (dropout): Dropout(p=0.1, inplace=False)
          )
        )
      )
    )
    (pooler): BertPooler(
      (dense): Linear(in_features=1024, out_features=1024, bias=True)
      (activation): Tanh()
    )
  )
  (fc_dropout): Dropout(p=0.5, inplace=False)
  (fc): Linear(in_features=1024, out_features=15, bias=True)
)
pretrained_model.embeddings.word_embeddings.weight True
pretrained_model.embeddings.position_embeddings.weight True
pretrained_model.embeddings.token_type_embeddings.weight True
pretrained_model.embeddings.LayerNorm.weight True
pretrained_model.embeddings.LayerNorm.bias True
pretrained_model.encoder.layer.0.attention.self.query.weight True
pretrained_model.encoder.layer.0.attention.self.query.bias True
pretrained_model.encoder.layer.0.attention.self.key.weight True
pretrained_model.encoder.layer.0.attention.self.key.bias True
pretrained_model.encoder.layer.0.attention.self.value.weight True
pretrained_model.encoder.layer.0.attention.self.value.bias True
pretrained_model.encoder.layer.0.attention.output.dense.weight True
pretrained_model.encoder.layer.0.attention.output.dense.bias True
pretrained_model.encoder.layer.0.attention.output.LayerNorm.weight True
pretrained_model.encoder.layer.0.attention.output.LayerNorm.bias True
pretrained_model.encoder.layer.0.intermediate.dense.weight True
pretrained_model.encoder.layer.0.intermediate.dense.bias True
pretrained_model.encoder.layer.0.output.dense.weight True
pretrained_model.encoder.layer.0.output.dense.bias True
pretrained_model.encoder.layer.0.output.LayerNorm.weight True
pretrained_model.encoder.layer.0.output.LayerNorm.bias True
pretrained_model.encoder.layer.1.attention.self.query.weight True
pretrained_model.encoder.layer.1.attention.self.query.bias True
pretrained_model.encoder.layer.1.attention.self.key.weight True
pretrained_model.encoder.layer.1.attention.self.key.bias True
pretrained_model.encoder.layer.1.attention.self.value.weight True
pretrained_model.encoder.layer.1.attention.self.value.bias True
pretrained_model.encoder.layer.1.attention.output.dense.weight True
pretrained_model.encoder.layer.1.attention.output.dense.bias True
pretrained_model.encoder.layer.1.attention.output.LayerNorm.weight True
pretrained_model.encoder.layer.1.attention.output.LayerNorm.bias True
pretrained_model.encoder.layer.1.intermediate.dense.weight True
pretrained_model.encoder.layer.1.intermediate.dense.bias True
pretrained_model.encoder.layer.1.output.dense.weight True
pretrained_model.encoder.layer.1.output.dense.bias True
pretrained_model.encoder.layer.1.output.LayerNorm.weight True
pretrained_model.encoder.layer.1.output.LayerNorm.bias True
pretrained_model.encoder.layer.2.attention.self.query.weight True
pretrained_model.encoder.layer.2.attention.self.query.bias True
pretrained_model.encoder.layer.2.attention.self.key.weight True
pretrained_model.encoder.layer.2.attention.self.key.bias True
pretrained_model.encoder.layer.2.attention.self.value.weight True
pretrained_model.encoder.layer.2.attention.self.value.bias True
pretrained_model.encoder.layer.2.attention.output.dense.weight True
pretrained_model.encoder.layer.2.attention.output.dense.bias True
pretrained_model.encoder.layer.2.attention.output.LayerNorm.weight True
pretrained_model.encoder.layer.2.attention.output.LayerNorm.bias True
pretrained_model.encoder.layer.2.intermediate.dense.weight True
pretrained_model.encoder.layer.2.intermediate.dense.bias True
pretrained_model.encoder.layer.2.output.dense.weight True
pretrained_model.encoder.layer.2.output.dense.bias True
pretrained_model.encoder.layer.2.output.LayerNorm.weight True
pretrained_model.encoder.layer.2.output.LayerNorm.bias True
pretrained_model.encoder.layer.3.attention.self.query.weight True
pretrained_model.encoder.layer.3.attention.self.query.bias True
pretrained_model.encoder.layer.3.attention.self.key.weight True
pretrained_model.encoder.layer.3.attention.self.key.bias True
pretrained_model.encoder.layer.3.attention.self.value.weight True
pretrained_model.encoder.layer.3.attention.self.value.bias True
pretrained_model.encoder.layer.3.attention.output.dense.weight True
pretrained_model.encoder.layer.3.attention.output.dense.bias True
pretrained_model.encoder.layer.3.attention.output.LayerNorm.weight True
pretrained_model.encoder.layer.3.attention.output.LayerNorm.bias True
pretrained_model.encoder.layer.3.intermediate.dense.weight True
pretrained_model.encoder.layer.3.intermediate.dense.bias True
pretrained_model.encoder.layer.3.output.dense.weight True
pretrained_model.encoder.layer.3.output.dense.bias True
pretrained_model.encoder.layer.3.output.LayerNorm.weight True
pretrained_model.encoder.layer.3.output.LayerNorm.bias True
pretrained_model.encoder.layer.4.attention.self.query.weight True
pretrained_model.encoder.layer.4.attention.self.query.bias True
pretrained_model.encoder.layer.4.attention.self.key.weight True
pretrained_model.encoder.layer.4.attention.self.key.bias True
pretrained_model.encoder.layer.4.attention.self.value.weight True
pretrained_model.encoder.layer.4.attention.self.value.bias True
pretrained_model.encoder.layer.4.attention.output.dense.weight True
pretrained_model.encoder.layer.4.attention.output.dense.bias True
pretrained_model.encoder.layer.4.attention.output.LayerNorm.weight True
pretrained_model.encoder.layer.4.attention.output.LayerNorm.bias True
pretrained_model.encoder.layer.4.intermediate.dense.weight True
pretrained_model.encoder.layer.4.intermediate.dense.bias True
pretrained_model.encoder.layer.4.output.dense.weight True
pretrained_model.encoder.layer.4.output.dense.bias True
pretrained_model.encoder.layer.4.output.LayerNorm.weight True
pretrained_model.encoder.layer.4.output.LayerNorm.bias True
pretrained_model.encoder.layer.5.attention.self.query.weight True
pretrained_model.encoder.layer.5.attention.self.query.bias True
pretrained_model.encoder.layer.5.attention.self.key.weight True
pretrained_model.encoder.layer.5.attention.self.key.bias True
pretrained_model.encoder.layer.5.attention.self.value.weight True
pretrained_model.encoder.layer.5.attention.self.value.bias True
pretrained_model.encoder.layer.5.attention.output.dense.weight True
pretrained_model.encoder.layer.5.attention.output.dense.bias True
pretrained_model.encoder.layer.5.attention.output.LayerNorm.weight True
pretrained_model.encoder.layer.5.attention.output.LayerNorm.bias True
pretrained_model.encoder.layer.5.intermediate.dense.weight True
pretrained_model.encoder.layer.5.intermediate.dense.bias True
pretrained_model.encoder.layer.5.output.dense.weight True
pretrained_model.encoder.layer.5.output.dense.bias True
pretrained_model.encoder.layer.5.output.LayerNorm.weight True
pretrained_model.encoder.layer.5.output.LayerNorm.bias True
pretrained_model.encoder.layer.6.attention.self.query.weight True
pretrained_model.encoder.layer.6.attention.self.query.bias True
pretrained_model.encoder.layer.6.attention.self.key.weight True
pretrained_model.encoder.layer.6.attention.self.key.bias True
pretrained_model.encoder.layer.6.attention.self.value.weight True
pretrained_model.encoder.layer.6.attention.self.value.bias True
pretrained_model.encoder.layer.6.attention.output.dense.weight True
pretrained_model.encoder.layer.6.attention.output.dense.bias True
pretrained_model.encoder.layer.6.attention.output.LayerNorm.weight True
pretrained_model.encoder.layer.6.attention.output.LayerNorm.bias True
pretrained_model.encoder.layer.6.intermediate.dense.weight True
pretrained_model.encoder.layer.6.intermediate.dense.bias True
pretrained_model.encoder.layer.6.output.dense.weight True
pretrained_model.encoder.layer.6.output.dense.bias True
pretrained_model.encoder.layer.6.output.LayerNorm.weight True
pretrained_model.encoder.layer.6.output.LayerNorm.bias True
pretrained_model.encoder.layer.7.attention.self.query.weight True
pretrained_model.encoder.layer.7.attention.self.query.bias True
pretrained_model.encoder.layer.7.attention.self.key.weight True
pretrained_model.encoder.layer.7.attention.self.key.bias True
pretrained_model.encoder.layer.7.attention.self.value.weight True
pretrained_model.encoder.layer.7.attention.self.value.bias True
pretrained_model.encoder.layer.7.attention.output.dense.weight True
pretrained_model.encoder.layer.7.attention.output.dense.bias True
pretrained_model.encoder.layer.7.attention.output.LayerNorm.weight True
pretrained_model.encoder.layer.7.attention.output.LayerNorm.bias True
pretrained_model.encoder.layer.7.intermediate.dense.weight True
pretrained_model.encoder.layer.7.intermediate.dense.bias True
pretrained_model.encoder.layer.7.output.dense.weight True
pretrained_model.encoder.layer.7.output.dense.bias True
pretrained_model.encoder.layer.7.output.LayerNorm.weight True
pretrained_model.encoder.layer.7.output.LayerNorm.bias True
pretrained_model.encoder.layer.8.attention.self.query.weight True
pretrained_model.encoder.layer.8.attention.self.query.bias True
pretrained_model.encoder.layer.8.attention.self.key.weight True
pretrained_model.encoder.layer.8.attention.self.key.bias True
pretrained_model.encoder.layer.8.attention.self.value.weight True
pretrained_model.encoder.layer.8.attention.self.value.bias True
pretrained_model.encoder.layer.8.attention.output.dense.weight True
pretrained_model.encoder.layer.8.attention.output.dense.bias True
pretrained_model.encoder.layer.8.attention.output.LayerNorm.weight True
pretrained_model.encoder.layer.8.attention.output.LayerNorm.bias True
pretrained_model.encoder.layer.8.intermediate.dense.weight True
pretrained_model.encoder.layer.8.intermediate.dense.bias True
pretrained_model.encoder.layer.8.output.dense.weight True
pretrained_model.encoder.layer.8.output.dense.bias True
pretrained_model.encoder.layer.8.output.LayerNorm.weight True
pretrained_model.encoder.layer.8.output.LayerNorm.bias True
pretrained_model.encoder.layer.9.attention.self.query.weight True
pretrained_model.encoder.layer.9.attention.self.query.bias True
pretrained_model.encoder.layer.9.attention.self.key.weight True
pretrained_model.encoder.layer.9.attention.self.key.bias True
pretrained_model.encoder.layer.9.attention.self.value.weight True
pretrained_model.encoder.layer.9.attention.self.value.bias True
pretrained_model.encoder.layer.9.attention.output.dense.weight True
pretrained_model.encoder.layer.9.attention.output.dense.bias True
pretrained_model.encoder.layer.9.attention.output.LayerNorm.weight True
pretrained_model.encoder.layer.9.attention.output.LayerNorm.bias True
pretrained_model.encoder.layer.9.intermediate.dense.weight True
pretrained_model.encoder.layer.9.intermediate.dense.bias True
pretrained_model.encoder.layer.9.output.dense.weight True
pretrained_model.encoder.layer.9.output.dense.bias True
pretrained_model.encoder.layer.9.output.LayerNorm.weight True
pretrained_model.encoder.layer.9.output.LayerNorm.bias True
pretrained_model.encoder.layer.10.attention.self.query.weight True
pretrained_model.encoder.layer.10.attention.self.query.bias True
pretrained_model.encoder.layer.10.attention.self.key.weight True
pretrained_model.encoder.layer.10.attention.self.key.bias True
pretrained_model.encoder.layer.10.attention.self.value.weight True
pretrained_model.encoder.layer.10.attention.self.value.bias True
pretrained_model.encoder.layer.10.attention.output.dense.weight True
pretrained_model.encoder.layer.10.attention.output.dense.bias True
pretrained_model.encoder.layer.10.attention.output.LayerNorm.weight True
pretrained_model.encoder.layer.10.attention.output.LayerNorm.bias True
pretrained_model.encoder.layer.10.intermediate.dense.weight True
pretrained_model.encoder.layer.10.intermediate.dense.bias True
pretrained_model.encoder.layer.10.output.dense.weight True
pretrained_model.encoder.layer.10.output.dense.bias True
pretrained_model.encoder.layer.10.output.LayerNorm.weight True
pretrained_model.encoder.layer.10.output.LayerNorm.bias True
pretrained_model.encoder.layer.11.attention.self.query.weight True
pretrained_model.encoder.layer.11.attention.self.query.bias True
pretrained_model.encoder.layer.11.attention.self.key.weight True
pretrained_model.encoder.layer.11.attention.self.key.bias True
pretrained_model.encoder.layer.11.attention.self.value.weight True
pretrained_model.encoder.layer.11.attention.self.value.bias True
pretrained_model.encoder.layer.11.attention.output.dense.weight True
pretrained_model.encoder.layer.11.attention.output.dense.bias True
pretrained_model.encoder.layer.11.attention.output.LayerNorm.weight True
pretrained_model.encoder.layer.11.attention.output.LayerNorm.bias True
pretrained_model.encoder.layer.11.intermediate.dense.weight True
pretrained_model.encoder.layer.11.intermediate.dense.bias True
pretrained_model.encoder.layer.11.output.dense.weight True
pretrained_model.encoder.layer.11.output.dense.bias True
pretrained_model.encoder.layer.11.output.LayerNorm.weight True
pretrained_model.encoder.layer.11.output.LayerNorm.bias True
pretrained_model.encoder.layer.12.attention.self.query.weight True
pretrained_model.encoder.layer.12.attention.self.query.bias True
pretrained_model.encoder.layer.12.attention.self.key.weight True
pretrained_model.encoder.layer.12.attention.self.key.bias True
pretrained_model.encoder.layer.12.attention.self.value.weight True
pretrained_model.encoder.layer.12.attention.self.value.bias True
pretrained_model.encoder.layer.12.attention.output.dense.weight True
pretrained_model.encoder.layer.12.attention.output.dense.bias True
pretrained_model.encoder.layer.12.attention.output.LayerNorm.weight True
pretrained_model.encoder.layer.12.attention.output.LayerNorm.bias True
pretrained_model.encoder.layer.12.intermediate.dense.weight True
pretrained_model.encoder.layer.12.intermediate.dense.bias True
pretrained_model.encoder.layer.12.output.dense.weight True
pretrained_model.encoder.layer.12.output.dense.bias True
pretrained_model.encoder.layer.12.output.LayerNorm.weight True
pretrained_model.encoder.layer.12.output.LayerNorm.bias True
pretrained_model.encoder.layer.13.attention.self.query.weight True
pretrained_model.encoder.layer.13.attention.self.query.bias True
pretrained_model.encoder.layer.13.attention.self.key.weight True
pretrained_model.encoder.layer.13.attention.self.key.bias True
pretrained_model.encoder.layer.13.attention.self.value.weight True
pretrained_model.encoder.layer.13.attention.self.value.bias True
pretrained_model.encoder.layer.13.attention.output.dense.weight True
pretrained_model.encoder.layer.13.attention.output.dense.bias True
pretrained_model.encoder.layer.13.attention.output.LayerNorm.weight True
pretrained_model.encoder.layer.13.attention.output.LayerNorm.bias True
pretrained_model.encoder.layer.13.intermediate.dense.weight True
pretrained_model.encoder.layer.13.intermediate.dense.bias True
pretrained_model.encoder.layer.13.output.dense.weight True
pretrained_model.encoder.layer.13.output.dense.bias True
pretrained_model.encoder.layer.13.output.LayerNorm.weight True
pretrained_model.encoder.layer.13.output.LayerNorm.bias True
pretrained_model.encoder.layer.14.attention.self.query.weight True
pretrained_model.encoder.layer.14.attention.self.query.bias True
pretrained_model.encoder.layer.14.attention.self.key.weight True
pretrained_model.encoder.layer.14.attention.self.key.bias True
pretrained_model.encoder.layer.14.attention.self.value.weight True
pretrained_model.encoder.layer.14.attention.self.value.bias True
pretrained_model.encoder.layer.14.attention.output.dense.weight True
pretrained_model.encoder.layer.14.attention.output.dense.bias True
pretrained_model.encoder.layer.14.attention.output.LayerNorm.weight True
pretrained_model.encoder.layer.14.attention.output.LayerNorm.bias True
pretrained_model.encoder.layer.14.intermediate.dense.weight True
pretrained_model.encoder.layer.14.intermediate.dense.bias True
pretrained_model.encoder.layer.14.output.dense.weight True
pretrained_model.encoder.layer.14.output.dense.bias True
pretrained_model.encoder.layer.14.output.LayerNorm.weight True
pretrained_model.encoder.layer.14.output.LayerNorm.bias True
pretrained_model.encoder.layer.15.attention.self.query.weight True
pretrained_model.encoder.layer.15.attention.self.query.bias True
pretrained_model.encoder.layer.15.attention.self.key.weight True
pretrained_model.encoder.layer.15.attention.self.key.bias True
pretrained_model.encoder.layer.15.attention.self.value.weight True
pretrained_model.encoder.layer.15.attention.self.value.bias True
pretrained_model.encoder.layer.15.attention.output.dense.weight True
pretrained_model.encoder.layer.15.attention.output.dense.bias True
pretrained_model.encoder.layer.15.attention.output.LayerNorm.weight True
pretrained_model.encoder.layer.15.attention.output.LayerNorm.bias True
pretrained_model.encoder.layer.15.intermediate.dense.weight True
pretrained_model.encoder.layer.15.intermediate.dense.bias True
pretrained_model.encoder.layer.15.output.dense.weight True
pretrained_model.encoder.layer.15.output.dense.bias True
pretrained_model.encoder.layer.15.output.LayerNorm.weight True
pretrained_model.encoder.layer.15.output.LayerNorm.bias True
pretrained_model.encoder.layer.16.attention.self.query.weight True
pretrained_model.encoder.layer.16.attention.self.query.bias True
pretrained_model.encoder.layer.16.attention.self.key.weight True
pretrained_model.encoder.layer.16.attention.self.key.bias True
pretrained_model.encoder.layer.16.attention.self.value.weight True
pretrained_model.encoder.layer.16.attention.self.value.bias True
pretrained_model.encoder.layer.16.attention.output.dense.weight True
pretrained_model.encoder.layer.16.attention.output.dense.bias True
pretrained_model.encoder.layer.16.attention.output.LayerNorm.weight True
pretrained_model.encoder.layer.16.attention.output.LayerNorm.bias True
pretrained_model.encoder.layer.16.intermediate.dense.weight True
pretrained_model.encoder.layer.16.intermediate.dense.bias True
pretrained_model.encoder.layer.16.output.dense.weight True
pretrained_model.encoder.layer.16.output.dense.bias True
pretrained_model.encoder.layer.16.output.LayerNorm.weight True
pretrained_model.encoder.layer.16.output.LayerNorm.bias True
pretrained_model.encoder.layer.17.attention.self.query.weight True
pretrained_model.encoder.layer.17.attention.self.query.bias True
pretrained_model.encoder.layer.17.attention.self.key.weight True
pretrained_model.encoder.layer.17.attention.self.key.bias True
pretrained_model.encoder.layer.17.attention.self.value.weight True
pretrained_model.encoder.layer.17.attention.self.value.bias True
pretrained_model.encoder.layer.17.attention.output.dense.weight True
pretrained_model.encoder.layer.17.attention.output.dense.bias True
pretrained_model.encoder.layer.17.attention.output.LayerNorm.weight True
pretrained_model.encoder.layer.17.attention.output.LayerNorm.bias True
pretrained_model.encoder.layer.17.intermediate.dense.weight True
pretrained_model.encoder.layer.17.intermediate.dense.bias True
pretrained_model.encoder.layer.17.output.dense.weight True
pretrained_model.encoder.layer.17.output.dense.bias True
pretrained_model.encoder.layer.17.output.LayerNorm.weight True
pretrained_model.encoder.layer.17.output.LayerNorm.bias True
pretrained_model.encoder.layer.18.attention.self.query.weight True
pretrained_model.encoder.layer.18.attention.self.query.bias True
pretrained_model.encoder.layer.18.attention.self.key.weight True
pretrained_model.encoder.layer.18.attention.self.key.bias True
pretrained_model.encoder.layer.18.attention.self.value.weight True
pretrained_model.encoder.layer.18.attention.self.value.bias True
pretrained_model.encoder.layer.18.attention.output.dense.weight True
pretrained_model.encoder.layer.18.attention.output.dense.bias True
pretrained_model.encoder.layer.18.attention.output.LayerNorm.weight True
pretrained_model.encoder.layer.18.attention.output.LayerNorm.bias True
pretrained_model.encoder.layer.18.intermediate.dense.weight True
pretrained_model.encoder.layer.18.intermediate.dense.bias True
pretrained_model.encoder.layer.18.output.dense.weight True
pretrained_model.encoder.layer.18.output.dense.bias True
pretrained_model.encoder.layer.18.output.LayerNorm.weight True
pretrained_model.encoder.layer.18.output.LayerNorm.bias True
pretrained_model.encoder.layer.19.attention.self.query.weight True
pretrained_model.encoder.layer.19.attention.self.query.bias True
pretrained_model.encoder.layer.19.attention.self.key.weight True
pretrained_model.encoder.layer.19.attention.self.key.bias True
pretrained_model.encoder.layer.19.attention.self.value.weight True
pretrained_model.encoder.layer.19.attention.self.value.bias True
pretrained_model.encoder.layer.19.attention.output.dense.weight True
pretrained_model.encoder.layer.19.attention.output.dense.bias True
pretrained_model.encoder.layer.19.attention.output.LayerNorm.weight True
pretrained_model.encoder.layer.19.attention.output.LayerNorm.bias True
pretrained_model.encoder.layer.19.intermediate.dense.weight True
pretrained_model.encoder.layer.19.intermediate.dense.bias True
pretrained_model.encoder.layer.19.output.dense.weight True
pretrained_model.encoder.layer.19.output.dense.bias True
pretrained_model.encoder.layer.19.output.LayerNorm.weight True
pretrained_model.encoder.layer.19.output.LayerNorm.bias True
pretrained_model.encoder.layer.20.attention.self.query.weight True
pretrained_model.encoder.layer.20.attention.self.query.bias True
pretrained_model.encoder.layer.20.attention.self.key.weight True
pretrained_model.encoder.layer.20.attention.self.key.bias True
pretrained_model.encoder.layer.20.attention.self.value.weight True
pretrained_model.encoder.layer.20.attention.self.value.bias True
pretrained_model.encoder.layer.20.attention.output.dense.weight True
pretrained_model.encoder.layer.20.attention.output.dense.bias True
pretrained_model.encoder.layer.20.attention.output.LayerNorm.weight True
pretrained_model.encoder.layer.20.attention.output.LayerNorm.bias True
pretrained_model.encoder.layer.20.intermediate.dense.weight True
pretrained_model.encoder.layer.20.intermediate.dense.bias True
pretrained_model.encoder.layer.20.output.dense.weight True
pretrained_model.encoder.layer.20.output.dense.bias True
pretrained_model.encoder.layer.20.output.LayerNorm.weight True
pretrained_model.encoder.layer.20.output.LayerNorm.bias True
pretrained_model.encoder.layer.21.attention.self.query.weight True
pretrained_model.encoder.layer.21.attention.self.query.bias True
pretrained_model.encoder.layer.21.attention.self.key.weight True
pretrained_model.encoder.layer.21.attention.self.key.bias True
pretrained_model.encoder.layer.21.attention.self.value.weight True
pretrained_model.encoder.layer.21.attention.self.value.bias True
pretrained_model.encoder.layer.21.attention.output.dense.weight True
pretrained_model.encoder.layer.21.attention.output.dense.bias True
pretrained_model.encoder.layer.21.attention.output.LayerNorm.weight True
pretrained_model.encoder.layer.21.attention.output.LayerNorm.bias True
pretrained_model.encoder.layer.21.intermediate.dense.weight True
pretrained_model.encoder.layer.21.intermediate.dense.bias True
pretrained_model.encoder.layer.21.output.dense.weight True
pretrained_model.encoder.layer.21.output.dense.bias True
pretrained_model.encoder.layer.21.output.LayerNorm.weight True
pretrained_model.encoder.layer.21.output.LayerNorm.bias True
pretrained_model.encoder.layer.22.attention.self.query.weight True
pretrained_model.encoder.layer.22.attention.self.query.bias True
pretrained_model.encoder.layer.22.attention.self.key.weight True
pretrained_model.encoder.layer.22.attention.self.key.bias True
pretrained_model.encoder.layer.22.attention.self.value.weight True
pretrained_model.encoder.layer.22.attention.self.value.bias True
pretrained_model.encoder.layer.22.attention.output.dense.weight True
pretrained_model.encoder.layer.22.attention.output.dense.bias True
pretrained_model.encoder.layer.22.attention.output.LayerNorm.weight True
pretrained_model.encoder.layer.22.attention.output.LayerNorm.bias True
pretrained_model.encoder.layer.22.intermediate.dense.weight True
pretrained_model.encoder.layer.22.intermediate.dense.bias True
pretrained_model.encoder.layer.22.output.dense.weight True
pretrained_model.encoder.layer.22.output.dense.bias True
pretrained_model.encoder.layer.22.output.LayerNorm.weight True
pretrained_model.encoder.layer.22.output.LayerNorm.bias True
pretrained_model.encoder.layer.23.attention.self.query.weight True
pretrained_model.encoder.layer.23.attention.self.query.bias True
pretrained_model.encoder.layer.23.attention.self.key.weight True
pretrained_model.encoder.layer.23.attention.self.key.bias True
pretrained_model.encoder.layer.23.attention.self.value.weight True
pretrained_model.encoder.layer.23.attention.self.value.bias True
pretrained_model.encoder.layer.23.attention.output.dense.weight True
pretrained_model.encoder.layer.23.attention.output.dense.bias True
pretrained_model.encoder.layer.23.attention.output.LayerNorm.weight True
pretrained_model.encoder.layer.23.attention.output.LayerNorm.bias True
pretrained_model.encoder.layer.23.intermediate.dense.weight True
pretrained_model.encoder.layer.23.intermediate.dense.bias True
pretrained_model.encoder.layer.23.output.dense.weight True
pretrained_model.encoder.layer.23.output.dense.bias True
pretrained_model.encoder.layer.23.output.LayerNorm.weight True
pretrained_model.encoder.layer.23.output.LayerNorm.bias True
pretrained_model.pooler.dense.weight True
pretrained_model.pooler.dense.bias True
fc.weight True
fc.bias True
epoch: 1/10000, 741s, train loss=2.7114, train acc=9.16%, dev loss=2.6144, dev acc=9.09%
saving, test loss=2.6121, test acc=9.05%
epoch: 2/10000, 742s, train loss=2.6209, train acc=10.07%, dev loss=2.6040, dev acc=11.15%
saving, test loss=2.6038, test acc=10.89%
epoch: 3/10000, 742s, train loss=2.6099, train acc=10.58%, dev loss=2.6023, dev acc=11.15%
epoch: 4/10000, 742s, train loss=2.6077, train acc=10.74%, dev loss=2.6034, dev acc=11.15%
epoch: 5/10000, 742s, train loss=2.6066, train acc=10.64%, dev loss=2.6057, dev acc=11.15%
epoch: 6/10000, 742s, train loss=2.6057, train acc=10.66%, dev loss=2.6058, dev acc=11.15%
epoch: 7/10000, 742s, train loss=2.6059, train acc=10.60%, dev loss=2.6034, dev acc=11.15%
time used=5485.5s
